<?xml version="1.0" encoding="UTF-8"?>
<!-- Generated by org.testng.reporters.JUnitReportReporter -->
<testsuite hostname="7JP2SJ2" name="com.experitest.auto.AndroidDemoTest" tests="6" failures="0" timestamp="18 Jul 2018 09:33:02 GMT" time="196.943" errors="0">
  <testcase name="Appfailtest" time="30.598" classname="com.experitest.auto.AndroidDemoTest"/>
  <testcase name="WebPasstest" time="31.447" classname="com.experitest.auto.AndroidDemoTest"/>
  <testcase name="WebfailTest" time="39.283" classname="com.experitest.auto.AndroidDemoTest"/>
  <testcase name="applaunch" time="31.425" classname="com.experitest.auto.AndroidDemoTest"/>
  <testcase name="installapp" time="38.368" classname="com.experitest.auto.AndroidDemoTest"/>
  <testcase name="AppPasstest" time="25.822" classname="com.experitest.auto.AndroidDemoTest"/>
</testsuite> <!-- com.experitest.auto.AndroidDemoTest -->
